<?xml version="1.0" encoding="UTF-8"?>
<!-- Generated by org.testng.reporters.JUnitReportReporter -->
<testsuite skipped="0" hostname="DESKTOP-049QI7N" name="restassuredapi.TestCase_1" tests="1" failures="0" timestamp="21 Apr 2020 10:49:16 GMT" time="1.719" errors="0">
  <testcase name="tc_01" time="1.719" classname="restassuredapi.TestCase_1"/>
</testsuite> <!-- restassuredapi.TestCase_1 -->
