<?xml version="1.0" encoding="UTF-8"?>
<!-- Generated by org.testng.reporters.JUnitReportReporter -->
<testsuite skipped="0" hostname="DESKTOP-049QI7N" name="restassuredapi.TestPatchRequest" tests="1" failures="0" timestamp="23 Apr 2020 09:48:12 GMT" time="1.812" errors="0">
  <testcase name="test_patch_tc_01" time="1.812" classname="restassuredapi.TestPatchRequest"/>
</testsuite> <!-- restassuredapi.TestPatchRequest -->
