<?xml version="1.0" encoding="UTF-8"?>
<!-- Generated by org.testng.reporters.JUnitReportReporter -->
<testsuite skipped="0" hostname="DESKTOP-049QI7N" name="restassuredapi.TestPutRequest" tests="1" failures="0" timestamp="22 Apr 2020 11:15:53 GMT" time="1.803" errors="0">
  <testcase name="put_test_01" time="1.803" classname="restassuredapi.TestPutRequest"/>
</testsuite> <!-- restassuredapi.TestPutRequest -->
