<?xml version="1.0" encoding="UTF-8"?>
<!-- Generated by org.testng.reporters.JUnitReportReporter -->
<testsuite skipped="0" hostname="DESKTOP-049QI7N" name="restassuredapi.TestPostRequest" tests="1" failures="0" timestamp="22 Apr 2020 11:03:19 GMT" time="1.652" errors="0">
  <testcase name="post_test_01" time="1.652" classname="restassuredapi.TestPostRequest"/>
</testsuite> <!-- restassuredapi.TestPostRequest -->
