<?xml version="1.0" encoding="UTF-8"?>
<!-- Generated by org.testng.reporters.JUnitReportReporter -->
<testsuite skipped="0" hostname="DESKTOP-049QI7N" name="restassuredapi.CreateGitRepo_Tokens" tests="1" failures="0" timestamp="23 Apr 2020 10:40:36 GMT" time="4.052" errors="0">
  <testcase name="createRepo_Tokens" time="4.052" classname="restassuredapi.CreateGitRepo_Tokens"/>
</testsuite> <!-- restassuredapi.CreateGitRepo_Tokens -->
