<?xml version="1.0" encoding="UTF-8"?>
<!-- Generated by org.testng.reporters.JUnitReportReporter -->
<testsuite skipped="0" hostname="DESKTOP-049QI7N" name="restassuredapi.TestCase_2" tests="3" failures="0" timestamp="22 Apr 2020 10:25:00 GMT" time="1.841" errors="0">
  <testcase name="tc_02" time="1.767" classname="restassuredapi.TestCase_2"/>
  <testcase name="tc_04" time="0.048" classname="restassuredapi.TestCase_2"/>
  <testcase name="tc_03" time="0.026" classname="restassuredapi.TestCase_2"/>
</testsuite> <!-- restassuredapi.TestCase_2 -->
