<?xml version="1.0" encoding="UTF-8"?>
<!-- Generated by org.testng.reporters.JUnitReportReporter -->
<testsuite skipped="0" hostname="DESKTOP-049QI7N" name="restassuredapi.CreateGitRepo_BasicAuth" tests="1" failures="0" timestamp="23 Apr 2020 10:14:53 GMT" time="3.223" errors="0">
  <testcase name="createRepo_BasicAuth" time="3.223" classname="restassuredapi.CreateGitRepo_BasicAuth"/>
</testsuite> <!-- restassuredapi.CreateGitRepo_BasicAuth -->
